<?xml version="1.0" encoding="UTF-8"?>
<robot generator="Robot 6.1.1 (Python 3.12.1 on win32)" generated="20260819 15:20:26.743" rpa="false" schemaversion="4">
<suite id="s1" name="OrangeHRM Test" source="C:\Users\Harshitha\OneDrive\All in one\Robot_Files\OrangeHRM_Test.robot">
<test id="s1-t1" name="Create New OrangeHRM User" line="5">
<kw name="Open OrangeHRM" library="keywords">
<kw name="Open Browser" library="Selenium2Library">
<arg>${URL}</arg>
<arg>${BROWSER}</arg>
<doc>Opens a new browser instance to the optional ``url``.</doc>
<msg timestamp="20260819 15:20:27.890" level="INFO">Opening browser 'chrome' to base url 'https://opensource-demo.orangehrmlive.com/'.</msg>
<status status="PASS" starttime="20260819 15:20:27.890" endtime="20260819 15:20:47.438"/>
</kw>
<kw name="Maximize Browser Window" library="Selenium2Library">
<doc>Maximizes current browser window.</doc>
<status status="PASS" starttime="20260819 15:20:47.462" endtime="20260819 15:20:47.609"/>
</kw>
<status status="PASS" starttime="20260819 15:20:27.888" endtime="20260819 15:20:47.633"/>
</kw>
<kw name="Login To OrangeHRM" library="keywords">
<kw name="Wait Until Element Is Visible" library="Selenium2Library">
<arg>${USERNAME_FIELD}</arg>
<arg>10s</arg>
<doc>Waits until the element ``locator`` is visible.</doc>
<status status="PASS" starttime="20260819 15:20:47.732" endtime="20260819 15:20:48.487"/>
</kw>
<kw name="Input Text" library="Selenium2Library">
<arg>${USERNAME_FIELD}</arg>
<arg>${USERNAME}</arg>
<doc>Types the given ``text`` into the text field identified by ``locator``.</doc>
<msg timestamp="20260819 15:20:48.492" level="INFO">Typing text 'Admin' into text field 'xpath=//input[@placeholder='Username']'.</msg>
<status status="PASS" starttime="20260819 15:20:48.489" endtime="20260819 15:20:48.957"/>
</kw>
<kw name="Wait Until Element Is Visible" library="Selenium2Library">
<arg>${PASSWORD_FIELD}</arg>
<arg>10s</arg>
<doc>Waits until the element ``locator`` is visible.</doc>
<status status="PASS" starttime="20260819 15:20:48.957" endtime="20260819 15:20:48.999"/>
</kw>
<kw name="Input Text" library="Selenium2Library">
<arg>${PASSWORD_FIELD}</arg>
<arg>${PASSWORD}</arg>
<doc>Types the given ``text`` into the text field identified by ``locator``.</doc>
<msg timestamp="20260819 15:20:48.999" level="INFO">Typing text 'admin123' into text field 'xpath=//input[@name='password']'.</msg>
<status status="PASS" starttime="20260819 15:20:48.999" endtime="20260819 15:20:49.368"/>
</kw>
<kw name="Click Button" library="Selenium2Library">
<arg>${LOGIN_BUTTON}</arg>
<doc>Clicks the button identified by ``locator``.</doc>
<msg timestamp="20260819 15:20:49.373" level="INFO">Clicking button 'xpath=//button[@type='submit']'.</msg>
<status status="PASS" starttime="20260819 15:20:49.368" endtime="20260819 15:20:50.399"/>
</kw>
<status status="PASS" starttime="20260819 15:20:47.720" endtime="20260819 15:20:50.399"/>
</kw>
<kw name="Go To Admin" library="keywords">
<kw name="Wait Until Element Is Visible" library="Selenium2Library">
<arg>${ADMIN_MENU}</arg>
<arg>10s</arg>
<doc>Waits until the element ``locator`` is visible.</doc>
<status status="PASS" starttime="20260819 15:20:50.399" endtime="20260819 15:20:52.596"/>
</kw>
<kw name="Click Element" library="Selenium2Library">
<arg>${ADMIN_MENU}</arg>
<doc>Click the element identified by ``locator``.</doc>
<msg timestamp="20260819 15:20:52.605" level="INFO">Clicking element 'xpath=//span[normalize-space()='Admin']'.</msg>
<status status="PASS" starttime="20260819 15:20:52.598" endtime="20260819 15:20:53.757"/>
</kw>
<status status="PASS" starttime="20260819 15:20:50.399" endtime="20260819 15:20:53.757"/>
</kw>
<kw name="Click Add User" library="keywords">
<kw name="Wait Until Element Is Visible" library="Selenium2Library">
<arg>${ADD_BUTTON}</arg>
<arg>10s</arg>
<doc>Waits until the element ``locator`` is visible.</doc>
<status status="PASS" starttime="20260819 15:20:53.759" endtime="20260819 15:20:54.287"/>
</kw>
<kw name="Click Button" library="Selenium2Library">
<arg>${ADD_BUTTON}</arg>
<doc>Clicks the button identified by ``locator``.</doc>
<msg timestamp="20260819 15:20:54.287" level="INFO">Clicking button 'xpath=//button[normalize-space()='Add']'.</msg>
<status status="PASS" starttime="20260819 15:20:54.287" endtime="20260819 15:20:54.894"/>
</kw>
<status status="PASS" starttime="20260819 15:20:53.759" endtime="20260819 15:20:54.894"/>
</kw>
<kw name="Select User Role" library="keywords">
<kw name="Wait Until Element Is Enabled" library="Selenium2Library">
<arg>${USER_ROLE}</arg>
<arg>10s</arg>
<doc>Waits until the element ``locator`` is enabled.</doc>
<status status="PASS" starttime="20260819 15:20:54.899" endtime="20260819 15:20:55.370"/>
</kw>
<kw name="Click Element" library="Selenium2Library">
<arg>${USER_ROLE}</arg>
<doc>Click the element identified by ``locator``.</doc>
<msg timestamp="20260819 15:20:55.370" level="INFO">Clicking element 'xpath=//div[contains(@class,'oxd-select-text')]'.</msg>
<status status="PASS" starttime="20260819 15:20:55.370" endtime="20260819 15:20:55.489"/>
</kw>
<kw name="Wait Until Element Is Visible" library="Selenium2Library">
<arg>${ESS_OPTION}</arg>
<arg>10s</arg>
<doc>Waits until the element ``locator`` is visible.</doc>
<status status="PASS" starttime="20260819 15:20:55.489" endtime="20260819 15:20:55.525"/>
</kw>
<kw name="Click Element" library="Selenium2Library">
<arg>${ESS_OPTION}</arg>
<doc>Click the element identified by ``locator``.</doc>
<msg timestamp="20260819 15:20:55.525" level="INFO">Clicking element 'xpath=//span[normalize-space()='ESS']'.</msg>
<status status="PASS" starttime="20260819 15:20:55.525" endtime="20260819 15:20:55.710"/>
</kw>
<status status="PASS" starttime="20260819 15:20:54.896" endtime="20260819 15:20:55.711"/>
</kw>
<kw name="Select Employee" library="keywords">
<kw name="Wait Until Element Is Visible" library="Selenium2Library">
<arg>${EMPLOYEE_NAME}</arg>
<arg>10s</arg>
<doc>Waits until the element ``locator`` is visible.</doc>
<status status="PASS" starttime="20260819 15:20:55.713" endtime="20260819 15:20:55.759"/>
</kw>
<kw name="Click Element" library="Selenium2Library">
<arg>${EMPLOYEE_NAME}</arg>
<doc>Click the element identified by ``locator``.</doc>
<msg timestamp="20260819 15:20:55.759" level="INFO">Clicking element 'xpath=//input[@placeholder='Type for hints...']'.</msg>
<status status="PASS" starttime="20260819 15:20:55.759" endtime="20260819 15:20:55.890"/>
</kw>
<kw name="Input Text" library="Selenium2Library">
<arg>${EMPLOYEE_NAME}</arg>
<arg>${EMPLOYEE}</arg>
<doc>Types the given ``text`` into the text field identified by ``locator``.</doc>
<msg timestamp="20260819 15:20:55.897" level="INFO">Typing text 'John' into text field 'xpath=//input[@placeholder='Type for hints...']'.</msg>
<status status="PASS" starttime="20260819 15:20:55.891" endtime="20260819 15:20:56.069"/>
</kw>
<kw name="Sleep" library="BuiltIn">
<arg>2s</arg>
<doc>Pauses the test executed for the given time.</doc>
<msg timestamp="20260819 15:20:58.171" level="INFO">Slept 2 seconds</msg>
<status status="PASS" starttime="20260819 15:20:56.072" endtime="20260819 15:20:58.171"/>
</kw>
<kw name="Wait Until Element Is Visible" library="Selenium2Library">
<arg>${EMPLOYEE_OPTION}</arg>
<arg>10s</arg>
<doc>Waits until the element ``locator`` is visible.</doc>
<msg timestamp="20260819 15:21:10.716" level="INFO" html="true">&lt;/td&gt;&lt;/tr&gt;&lt;tr&gt;&lt;td colspan="3"&gt;&lt;a href="selenium-screenshot-1.png"&gt;&lt;img src="selenium-screenshot-1.png" width="800px"&gt;&lt;/a&gt;</msg>
<msg timestamp="20260819 15:21:10.735" level="FAIL">Element 'xpath=//div[contains(@class,'oxd-autocomplete-option')]//span[normalize-space()='John carter']' not visible after 10 seconds.</msg>
<status status="FAIL" starttime="20260819 15:20:58.197" endtime="20260819 15:21:10.816"/>
</kw>
<kw name="Click Element" library="Selenium2Library">
<arg>${EMPLOYEE_OPTION}</arg>
<doc>Click the element identified by ``locator``.</doc>
<status status="NOT RUN" starttime="20260819 15:21:10.820" endtime="20260819 15:21:10.820"/>
</kw>
<status status="FAIL" starttime="20260819 15:20:55.713" endtime="20260819 15:21:10.826"/>
</kw>
<kw name="Select Status" library="keywords">
<status status="NOT RUN" starttime="20260819 15:21:10.905" endtime="20260819 15:21:10.905"/>
</kw>
<kw name="Enter New Username" library="keywords">
<status status="NOT RUN" starttime="20260819 15:21:10.905" endtime="20260819 15:21:10.905"/>
</kw>
<kw name="Enter New Password" library="keywords">
<status status="NOT RUN" starttime="20260819 15:21:10.907" endtime="20260819 15:21:10.907"/>
</kw>
<kw name="Enter Confirm Password" library="keywords">
<status status="NOT RUN" starttime="20260819 15:21:10.913" endtime="20260819 15:21:10.913"/>
</kw>
<kw name="Save User" library="keywords">
<status status="NOT RUN" starttime="20260819 15:21:10.915" endtime="20260819 15:21:10.915"/>
</kw>
<status status="FAIL" starttime="20260819 15:20:27.888" endtime="20260819 15:21:10.921">Element 'xpath=//div[contains(@class,'oxd-autocomplete-option')]//span[normalize-space()='John carter']' not visible after 10 seconds.</status>
</test>
<test id="s1-t2" name="Close OrangeHRM" line="18">
<kw name="Close Browser" library="Selenium2Library">
<doc>Closes the current browser.</doc>
<status status="PASS" starttime="20260819 15:21:10.976" endtime="20260819 15:21:25.829"/>
</kw>
<status status="PASS" starttime="20260819 15:21:10.952" endtime="20260819 15:21:25.829"/>
</test>
<status status="FAIL" starttime="20260819 15:20:26.751" endtime="20260819 15:21:25.856"/>
</suite>
<statistics>
<total>
<stat pass="1" fail="1" skip="0">All Tests</stat>
</total>
<tag>
</tag>
<suite>
<stat pass="1" fail="1" skip="0" id="s1" name="OrangeHRM Test">OrangeHRM Test</stat>
</suite>
</statistics>
<errors>
</errors>
</robot>
